# JRE version: OpenJDK Runtime Environment (8.0_242-b01) (build 1.8.0_242-release-1644-b01)
# Java VM: OpenJDK 64-Bit Server VM (25.242-b01 mixed mode windows-amd64 compressed oops)
Heap:
 PSYoungGen      total 322560K, used 263328K [0x00000000d5580000, 0x00000000ee080000, 0x0000000100000000)
  eden space 290816K, 90% used [0x00000000d5580000,0x00000000e56a82c8,0x00000000e7180000)
  from space 31744K, 0% used [0x00000000e7180000,0x00000000e7180000,0x00000000e9080000)
  to   space 31232K, 0% used [0x00000000ec200000,0x00000000ec200000,0x00000000ee080000)
 ParOldGen       total 167424K, used 81720K [0x0000000080000000, 0x000000008a380000, 0x00000000d5580000)
  object space 167424K, 48% used [0x0000000080000000,0x0000000084fce0b0,0x000000008a380000)
 Metaspace       used 82035K, capacity 86390K, committed 87384K, reserved 1124352K
  class space    used 11112K, capacity 11876K, committed 12160K, reserved 1048576K
GC Heap History (10 events):
Event: 24.539 GC heap before
{Heap before GC invocations=17 (full 3):
 PSYoungGen      total 204800K, used 185856K [0x00000000d5580000, 0x00000000e8100000, 0x0000000100000000)
  eden space 185856K, 100% used [0x00000000d5580000,0x00000000e0b00000,0x00000000e0b00000)
  from space 18944K, 0% used [0x00000000e0b00000,0x00000000e0b00000,0x00000000e1d80000)
  to   space 18944K, 0% used [0x00000000e6e80000,0x00000000e6e80000,0x00000000e8100000)
 ParOldGen       total 89600K, used 30993K [0x0000000080000000, 0x0000000085780000, 0x00000000d5580000)
  object space 89600K, 34% used [0x0000000080000000,0x0000000081e44540,0x0000000085780000)
 Metaspace       used 65125K, capacity 68442K, committed 68696K, reserved 1107968K
  class space    used 8979K, capacity 9598K, committed 9600K, reserved 1048576K
Event: 24.584 GC heap after
Heap after GC invocations=17 (full 3):
 PSYoungGen      total 259584K, used 18940K [0x00000000d5580000, 0x00000000e8100000, 0x0000000100000000)
  eden space 240640K, 0% used [0x00000000d5580000,0x00000000d5580000,0x00000000e4080000)
  from space 18944K, 99% used [0x00000000e6e80000,0x00000000e80ff228,0x00000000e8100000)
  to   space 22016K, 0% used [0x00000000e5600000,0x00000000e5600000,0x00000000e6b80000)
 ParOldGen       total 89600K, used 31489K [0x0000000080000000, 0x0000000085780000, 0x00000000d5580000)
  object space 89600K, 35% used [0x0000000080000000,0x0000000081ec0730,0x0000000085780000)
 Metaspace       used 65125K, capacity 68442K, committed 68696K, reserved 1107968K
  class space    used 8979K, capacity 9598K, committed 9600K, reserved 1048576K
}
Event: 37.847 GC heap before
{Heap before GC invocations=18 (full 3):
 PSYoungGen      total 259584K, used 259580K [0x00000000d5580000, 0x00000000e8100000, 0x0000000100000000)
  eden space 240640K, 100% used [0x00000000d5580000,0x00000000e4080000,0x00000000e4080000)
  from space 18944K, 99% used [0x00000000e6e80000,0x00000000e80ff228,0x00000000e8100000)
  to   space 22016K, 0% used [0x00000000e5600000,0x00000000e5600000,0x00000000e6b80000)
 ParOldGen       total 89600K, used 31489K [0x0000000080000000, 0x0000000085780000, 0x00000000d5580000)
  object space 89600K, 35% used [0x0000000080000000,0x0000000081ec0730,0x0000000085780000)
 Metaspace       used 70218K, capacity 73774K, committed 73944K, reserved 1114112K
  class space    used 9559K, capacity 10220K, committed 10240K, reserved 1048576K
Event: 37.879 GC heap after
Heap after GC invocations=18 (full 3):
 PSYoungGen      total 284672K, used 9854K [0x00000000d5580000, 0x00000000ea500000, 0x0000000100000000)
  eden space 262656K, 0% used [0x00000000d5580000,0x00000000d5580000,0x00000000e5600000)
  from space 22016K, 44% used [0x00000000e5600000,0x00000000e5f9f950,0x00000000e6b80000)
  to   space 20992K, 0% used [0x00000000e9080000,0x00000000e9080000,0x00000000ea500000)
 ParOldGen       total 89600K, used 40373K [0x0000000080000000, 0x0000000085780000, 0x00000000d5580000)
  object space 89600K, 45% used [0x0000000080000000,0x000000008276d7c8,0x0000000085780000)
 Metaspace       used 70218K, capacity 73774K, committed 73944K, reserved 1114112K
  class space    used 9559K, capacity 10220K, committed 10240K, reserved 1048576K
}
Event: 41.333 GC heap before
{Heap before GC invocations=19 (full 3):
 PSYoungGen      total 284672K, used 272510K [0x00000000d5580000, 0x00000000ea500000, 0x0000000100000000)
  eden space 262656K, 100% used [0x00000000d5580000,0x00000000e5600000,0x00000000e5600000)
  from space 22016K, 44% used [0x00000000e5600000,0x00000000e5f9f950,0x00000000e6b80000)
  to   space 20992K, 0% used [0x00000000e9080000,0x00000000e9080000,0x00000000ea500000)
 ParOldGen       total 89600K, used 40373K [0x0000000080000000, 0x0000000085780000, 0x00000000d5580000)
  object space 89600K, 45% used [0x0000000080000000,0x000000008276d7c8,0x0000000085780000)
 Metaspace       used 75653K, capacity 79856K, committed 79960K, reserved 1118208K
  class space    used 10322K, capacity 11061K, committed 11136K, reserved 1048576K
Event: 41.544 GC heap after
Heap after GC invocations=19 (full 3):
 PSYoungGen      total 311808K, used 20978K [0x00000000d5580000, 0x00000000edd00000, 0x0000000100000000)
  eden space 290816K, 0% used [0x00000000d5580000,0x00000000d5580000,0x00000000e7180000)
  from space 20992K, 99% used [0x00000000e9080000,0x00000000ea4fc988,0x00000000ea500000)
  to   space 31744K, 0% used [0x00000000e7180000,0x00000000e7180000,0x00000000e9080000)
 ParOldGen       total 89600K, used 60153K [0x0000000080000000, 0x0000000085780000, 0x00000000d5580000)
  object space 89600K, 67% used [0x0000000080000000,0x0000000083abe778,0x0000000085780000)
 Metaspace       used 75653K, capacity 79856K, committed 79960K, reserved 1118208K
  class space    used 10322K, capacity 11061K, committed 11136K, reserved 1048576K
}
Event: 44.389 GC heap before
{Heap before GC invocations=20 (full 3):
 PSYoungGen      total 311808K, used 311794K [0x00000000d5580000, 0x00000000edd00000, 0x0000000100000000)
  eden space 290816K, 100% used [0x00000000d5580000,0x00000000e7180000,0x00000000e7180000)
  from space 20992K, 99% used [0x00000000e9080000,0x00000000ea4fc988,0x00000000ea500000)
  to   space 31744K, 0% used [0x00000000e7180000,0x00000000e7180000,0x00000000e9080000)
 ParOldGen       total 89600K, used 60153K [0x0000000080000000, 0x0000000085780000, 0x00000000d5580000)
  object space 89600K, 67% used [0x0000000080000000,0x0000000083abe778,0x0000000085780000)
 Metaspace       used 81583K, capacity 86448K, committed 86616K, reserved 1124352K
  class space    used 11197K, capacity 12071K, committed 12160K, reserved 1048576K
Event: 44.438 GC heap after
Heap after GC invocations=20 (full 3):
 PSYoungGen      total 322560K, used 16209K [0x00000000d5580000, 0x00000000ee080000, 0x0000000100000000)
  eden space 290816K, 0% used [0x00000000d5580000,0x00000000d5580000,0x00000000e7180000)
  from space 31744K, 51% used [0x00000000e7180000,0x00000000e8154430,0x00000000e9080000)
  to   space 31232K, 0% used [0x00000000ec200000,0x00000000ec200000,0x00000000ee080000)
 ParOldGen       total 89600K, used 78379K [0x0000000080000000, 0x0000000085780000, 0x00000000d5580000)
  object space 89600K, 87% used [0x0000000080000000,0x0000000084c8ae70,0x0000000085780000)
 Metaspace       used 81583K, capacity 86448K, committed 86616K, reserved 1124352K
  class space    used 11197K, capacity 12071K, committed 12160K, reserved 1048576K
}
Event: 44.439 GC heap before
{Heap before GC invocations=21 (full 4):
 PSYoungGen      total 322560K, used 16209K [0x00000000d5580000, 0x00000000ee080000, 0x0000000100000000)
  eden space 290816K, 0% used [0x00000000d5580000,0x00000000d5580000,0x00000000e7180000)
  from space 31744K, 51% used [0x00000000e7180000,0x00000000e8154430,0x00000000e9080000)
  to   space 31232K, 0% used [0x00000000ec200000,0x00000000ec200000,0x00000000ee080000)
 ParOldGen       total 89600K, used 78379K [0x0000000080000000, 0x0000000085780000, 0x00000000d5580000)
  object space 89600K, 87% used [0x0000000080000000,0x0000000084c8ae70,0x0000000085780000)
 Metaspace       used 81583K, capacity 86448K, committed 86616K, reserved 1124352K
  class space    used 11197K, capacity 12071K, committed 12160K, reserved 1048576K
Event: 44.944 GC heap after
Heap after GC invocations=21 (full 4):
 PSYoungGen      total 322560K, used 0K [0x00000000d5580000, 0x00000000ee080000, 0x0000000100000000)
  eden space 290816K, 0% used [0x00000000d5580000,0x00000000d5580000,0x00000000e7180000)
  from space 31744K, 0% used [0x00000000e7180000,0x00000000e7180000,0x00000000e9080000)
  to   space 31232K, 0% used [0x00000000ec200000,0x00000000ec200000,0x00000000ee080000)
 ParOldGen       total 167424K, used 81720K [0x0000000080000000, 0x000000008a380000, 0x00000000d5580000)
  object space 167424K, 48% used [0x0000000080000000,0x0000000084fce0b0,0x000000008a380000)
 Metaspace       used 81101K, capacity 85210K, committed 86616K, reserved 1124352K
  class space    used 11030K, capacity 11776K, committed 12160K, reserved 1048576K
}

